0 info it worked if it ends with ok
1 verbose cli [ '/Users/hiro99ishikawa/.nvm/versions/node/v5.9.0/bin/node',
1 verbose cli   '/Users/hiro99ishikawa/.nvm/versions/node/v5.9.0/bin/npm',
1 verbose cli   'build',
1 verbose cli   'run' ]
2 info using npm@3.10.2
3 info using node@v5.9.0
4 verbose config Skipping project config: /Users/hiro99ishikawa/.npmrc. (matches userconfig)
5 info build /Users/hiro99ishikawa/Dropbox/dotai/HiroIshikawa.github.io/run
6 verbose stack Error: ENOENT: no such file or directory, open '/Users/hiro99ishikawa/Dropbox/dotai/HiroIshikawa.github.io/run/package.json'
6 verbose stack     at Error (native)
7 verbose cwd /Users/hiro99ishikawa/Dropbox/dotai/HiroIshikawa.github.io
8 error Darwin 15.6.0
9 error argv "/Users/hiro99ishikawa/.nvm/versions/node/v5.9.0/bin/node" "/Users/hiro99ishikawa/.nvm/versions/node/v5.9.0/bin/npm" "build" "run"
10 error node v5.9.0
11 error npm  v3.10.2
12 error path /Users/hiro99ishikawa/Dropbox/dotai/HiroIshikawa.github.io/run/package.json
13 error code ENOENT
14 error errno -2
15 error syscall open
16 error enoent ENOENT: no such file or directory, open '/Users/hiro99ishikawa/Dropbox/dotai/HiroIshikawa.github.io/run/package.json'
17 error enoent ENOENT: no such file or directory, open '/Users/hiro99ishikawa/Dropbox/dotai/HiroIshikawa.github.io/run/package.json'
17 error enoent This is most likely not a problem with npm itself
17 error enoent and is related to npm not being able to find a file.
18 verbose exit [ -2, true ]
